<?xml version="1.0" encoding="UTF-8"?>
<!-- Generated by org.testng.reporters.JUnitReportReporter -->
<testsuite hostname="LAPTOP-MFMTPE0Q" failures="0" tests="3" name="LearnSelenium.tests.SubmitOrderTest" time="57.177" errors="0" timestamp="2023-12-29T17:22:54 IST" skipped="0">
  <testcase classname="LearnSelenium.tests.SubmitOrderTest" name="SubmitOrder" time="22.193"/>
  <system-out/>
  <testcase classname="LearnSelenium.tests.SubmitOrderTest" name="OrderHistoryTest" time="9.150"/>
  <system-out/>
  <testcase classname="LearnSelenium.tests.SubmitOrderTest" name="SubmitOrder" time="25.834"/>
  <system-out/>
</testsuite> <!-- LearnSelenium.tests.SubmitOrderTest -->
