<?xml version="1.0" encoding="UTF-8"?>
<!-- Generated by org.testng.reporters.JUnitReportReporter -->
<testsuite hostname="LAPTOP-MFMTPE0Q" failures="0" tests="2" name="LearnSelenium.tests.SubmitOrderTest" time="49.875" errors="0" timestamp="2023-12-30T18:52:53 IST" skipped="0">
  <testcase classname="LearnSelenium.tests.SubmitOrderTest" name="SubmitOrder" time="23.874"/>
  <system-out/>
  <testcase classname="LearnSelenium.tests.SubmitOrderTest" name="SubmitOrder" time="26.001"/>
  <system-out/>
</testsuite> <!-- LearnSelenium.tests.SubmitOrderTest -->
