<?xml version="1.0" encoding="UTF-8"?>
<!-- Generated by org.testng.reporters.JUnitReportReporter -->
<testsuite hostname="LAPTOP-MFMTPE0Q" failures="0" tests="2" name="LearnSelenium.tests.ErrorValidationTest" time="34.200" errors="0" timestamp="2023-12-29T19:49:18 IST" skipped="0">
  <testcase classname="LearnSelenium.tests.ErrorValidationTest" name="ProductErrorValidation" time="32.406"/>
  <system-out/>
  <testcase classname="LearnSelenium.tests.ErrorValidationTest" name="LoginErrorValidation" time="1.794"/>
  <system-out/>
</testsuite> <!-- LearnSelenium.tests.ErrorValidationTest -->
